{"level":"info","message":"Servidor rodando na porta 3001","timestamp":"2024-12-14T21:20:55.092Z"}
{"level":"info","message":"Novo doador cadastrado: jonathan.alves@sou.inteli","timestamp":"2024-12-14T21:29:43.924Z"}
{"level":"info","message":"Novo doador cadastrado: jonathan@email.com","timestamp":"2024-12-14T21:32:35.366Z"}
{"level":"info","message":"Novo doador cadastrado: jonathanteoddoro@email.com","timestamp":"2024-12-14T21:34:18.870Z"}
{"level":"info","message":"Servidor rodando na porta 3001","timestamp":"2024-12-14T21:35:21.339Z"}
{"level":"info","message":"Novo doador cadastrado: jonathanteoddoro@gmail.com","timestamp":"2024-12-14T21:35:45.013Z"}
{"level":"info","message":"Novo doador cadastrado: jonathna@live.com","timestamp":"2024-12-14T21:37:40.622Z"}
{"level":"info","message":"Servidor rodando na porta 3001","timestamp":"2024-12-15T15:58:33.576Z"}
{"level":"info","message":"Novo doador cadastrado: jonathan@gmailll.com","timestamp":"2024-12-15T15:59:15.832Z"}
{"level":"info","message":"Novo doador cadastrado: laura@gmail.com","timestamp":"2024-12-15T16:03:24.006Z"}
{"level":"info","message":"Servidor rodando na porta 3001","timestamp":"2024-12-15T16:03:36.892Z"}
{"level":"info","message":"Novo doador cadastrado: jonathan.alves@sou.iinteli.edu.br","timestamp":"2024-12-15T16:05:47.724Z"}
{"level":"info","message":"Servidor rodando na porta 3001","timestamp":"2024-12-15T16:29:17.657Z"}
{"level":"info","message":"Novo doador cadastrado: sahahdsajsd@gmail.com","timestamp":"2024-12-15T16:31:20.954Z"}
{"level":"info","message":"Novo doador cadastrado: jonathanteoddorodd@gmail.com","timestamp":"2024-12-15T16:52:30.960Z"}
{"level":"info","message":"Novo doador cadastrado: jonathanteod2332oro@gmail.com","timestamp":"2024-12-15T16:52:52.112Z"}
{"level":"info","message":"Novo doador cadastrado: jonathan.alves@gmail.com","timestamp":"2024-12-16T11:42:28.702Z"}
{"level":"error","message":"Erro ao criar sessão de doação: Invalid URL: undefined/success. URLs must begin with http or https.","timestamp":"2024-12-16T11:42:28.986Z"}
{"level":"info","message":"Novo doador cadastrado: jonathan.assslves@sou.inteli.edu.br","timestamp":"2024-12-16T11:43:07.732Z"}
{"level":"error","message":"Erro ao criar sessão de doação: Invalid URL: undefined/success. URLs must begin with http or https.","timestamp":"2024-12-16T11:43:08.015Z"}
{"level":"info","message":"Novo doador cadastrado: teodoro@gmail.com","timestamp":"2024-12-16T11:45:27.425Z"}
{"level":"error","message":"Erro ao criar sessão de doação: Invalid URL: undefined/success. URLs must begin with http or https.","timestamp":"2024-12-16T11:45:27.705Z"}
{"level":"info","message":"Novo doador cadastrado: jteodoro@gmail.com","timestamp":"2024-12-16T11:46:22.003Z"}
{"level":"error","message":"Erro ao criar sessão de doação: Invalid URL: undefined/success. URLs must begin with http or https.","timestamp":"2024-12-16T11:46:22.288Z"}
{"level":"info","message":"Servidor rodando na porta 3001","timestamp":"2024-12-16T11:46:37.936Z"}
{"level":"info","message":"Novo doador cadastrado: jonathasn.alves@sou.inteli.edu.br","timestamp":"2024-12-16T11:47:08.166Z"}
{"level":"info","message":"Servidor rodando na porta 3001","timestamp":"2024-12-16T11:49:57.196Z"}
{"level":"info","message":"One-time donation initiated for: jonathan2324@gmail.com","timestamp":"2024-12-16T11:51:17.765Z"}
{"level":"info","message":"Novo doador cadastrado: dadasdasiodaihj@gmail.com","timestamp":"2024-12-16T11:54:10.824Z"}
{"level":"info","message":"One-time donation initiated for: fdsfsdjofdsfkjlds@gmail.com","timestamp":"2024-12-16T11:54:39.066Z"}
{"level":"info","message":"Novo doador cadastrado: jonathanteoddoro@gmail.com","timestamp":"2024-12-16T12:18:54.563Z"}
